<?xml version="1.0" encoding="UTF-8"?>
<!-- Generated by org.testng.reporters.JUnitReportReporter -->
<testsuite hostname="LAPTOP-0HF02HIL" failures="0" tests="3" name="SeleniumFileManagement.FileUpload" time="9.645" errors="0" timestamp="23 Jun 2024 11:20:52 GMT" skipped="2">
  <testcase classname="SeleniumFileManagement.FileUpload" name="fileUploadUsingRobot" time="9.645"/>
  <testcase classname="SeleniumFileManagement.FileUpload" name="uploadMultipleFile">
    <skipped/>
  </testcase> <!-- uploadMultipleFile -->
  <testcase classname="SeleniumFileManagement.FileUpload" name="uploadFileForLambaTestSingleFile">
    <skipped/>
  </testcase> <!-- uploadFileForLambaTestSingleFile -->
</testsuite> <!-- SeleniumFileManagement.FileUpload -->
