<?xml version="1.0" encoding="UTF-8"?>
<!-- Generated by org.testng.reporters.JUnitReportReporter -->
<testsuite hostname="LAPTOP-0HF02HIL" failures="0" tests="1" name="SeleniumFileManagement.FileDownload" time="138.648" errors="0" timestamp="23 Jun 2024 11:41:54 GMT" skipped="0">
  <testcase classname="SeleniumFileManagement.FileDownload" name="verifyFileDownload" time="138.648"/>
</testsuite> <!-- SeleniumFileManagement.FileDownload -->
